androidApp/build/intermediates/manifest_merge_blame_file/debug/manifest-merger-blame-debug-report.txt
1<?xml version="1.0" encoding="utf-8"?>
2<manifest xmlns:android="http://schemas.android.com/apk/res/android"
3    package="com.spbarber.todoapp.android"
4    android:versionCode="1"
5    android:versionName="1.0" >
6
7    <uses-sdk
8        android:minSdkVersion="24"
8-->src/main/AndroidManifest.xml
9        android:targetSdkVersion="33" />
9-->src/main/AndroidManifest.xml
10
11    <permission
11-->[androidx.core:core:1.9.0] AndroidManifest.xml:22:5-24:47
12        android:name="com.spbarber.todoapp.android.DYNAMIC_RECEIVER_NOT_EXPORTED_PERMISSION"
12-->[androidx.core:core:1.9.0] AndroidManifest.xml:23:9-81
13        android:protectionLevel="signature" />
13-->[androidx.core:core:1.9.0] AndroidManifest.xml:24:9-44
14
15    <uses-permission android:name="com.spbarber.todoapp.android.DYNAMIC_RECEIVER_NOT_EXPORTED_PERMISSION" />
15-->[androidx.core:core:1.9.0] AndroidManifest.xml:26:5-97
15-->[androidx.core:core:1.9.0] AndroidManifest.xml:26:22-94
16
17    <application
17-->src/main/AndroidManifest.xml:4:5-17:19
18        android:name="com.spbarber.todoapp.android.todoapp.TodoApp"
18-->src/main/AndroidManifest.xml:7:9-40
19        android:allowBackup="false"
19-->src/main/AndroidManifest.xml:5:9-36
20        android:appComponentFactory="androidx.core.app.CoreComponentFactory"
20-->[androidx.core:core:1.9.0] AndroidManifest.xml:28:18-86
21        android:debuggable="true"
22        android:extractNativeLibs="false"
23        android:supportsRtl="true"
23-->src/main/AndroidManifest.xml:6:9-35
24        android:testOnly="true"
25        android:theme="@style/AppTheme" >
25-->src/main/AndroidManifest.xml:8:9-40
26        <activity
26-->src/main/AndroidManifest.xml:9:9-16:20
27            android:name="com.spbarber.todoapp.android.todoapp.MainActivity"
27-->src/main/AndroidManifest.xml:10:13-49
28            android:exported="true" >
28-->src/main/AndroidManifest.xml:11:13-36
29            <intent-filter>
29-->src/main/AndroidManifest.xml:12:13-15:29
30                <action android:name="android.intent.action.MAIN" />
30-->src/main/AndroidManifest.xml:13:17-69
30-->src/main/AndroidManifest.xml:13:25-66
31
32                <category android:name="android.intent.category.LAUNCHER" />
32-->src/main/AndroidManifest.xml:14:17-77
32-->src/main/AndroidManifest.xml:14:27-74
33            </intent-filter>
34        </activity>
35        <activity
35-->[androidx.compose.ui:ui-tooling:1.3.3] AndroidManifest.xml:23:9-25:39
36            android:name="androidx.compose.ui.tooling.PreviewActivity"
36-->[androidx.compose.ui:ui-tooling:1.3.3] AndroidManifest.xml:24:13-71
37            android:exported="true" />
37-->[androidx.compose.ui:ui-tooling:1.3.3] AndroidManifest.xml:25:13-36
38
39        <provider
39-->[androidx.profileinstaller:profileinstaller:1.2.0] AndroidManifest.xml:25:9-33:20
40            android:name="androidx.startup.InitializationProvider"
40-->[androidx.profileinstaller:profileinstaller:1.2.0] AndroidManifest.xml:26:13-67
41            android:authorities="com.spbarber.todoapp.android.androidx-startup"
41-->[androidx.profileinstaller:profileinstaller:1.2.0] AndroidManifest.xml:27:13-68
42            android:exported="false" >
42-->[androidx.profileinstaller:profileinstaller:1.2.0] AndroidManifest.xml:28:13-37
43            <meta-data
43-->[androidx.profileinstaller:profileinstaller:1.2.0] AndroidManifest.xml:30:13-32:52
44                android:name="androidx.profileinstaller.ProfileInstallerInitializer"
44-->[androidx.profileinstaller:profileinstaller:1.2.0] AndroidManifest.xml:31:17-85
45                android:value="androidx.startup" />
45-->[androidx.profileinstaller:profileinstaller:1.2.0] AndroidManifest.xml:32:17-49
46        </provider>
47
48        <receiver
48-->[androidx.profileinstaller:profileinstaller:1.2.0] AndroidManifest.xml:35:9-47:20
49            android:name="androidx.profileinstaller.ProfileInstallReceiver"
49-->[androidx.profileinstaller:profileinstaller:1.2.0] AndroidManifest.xml:36:13-76
50            android:directBootAware="false"
50-->[androidx.profileinstaller:profileinstaller:1.2.0] AndroidManifest.xml:37:13-44
51            android:enabled="true"
51-->[androidx.profileinstaller:profileinstaller:1.2.0] AndroidManifest.xml:38:13-35
52            android:exported="true"
52-->[androidx.profileinstaller:profileinstaller:1.2.0] AndroidManifest.xml:39:13-36
53            android:permission="android.permission.DUMP" >
53-->[androidx.profileinstaller:profileinstaller:1.2.0] AndroidManifest.xml:40:13-57
54            <intent-filter>
54-->[androidx.profileinstaller:profileinstaller:1.2.0] AndroidManifest.xml:41:13-43:29
55                <action android:name="androidx.profileinstaller.action.INSTALL_PROFILE" />
55-->[androidx.profileinstaller:profileinstaller:1.2.0] AndroidManifest.xml:42:17-91
55-->[androidx.profileinstaller:profileinstaller:1.2.0] AndroidManifest.xml:42:25-88
56            </intent-filter>
57            <intent-filter>
57-->[androidx.profileinstaller:profileinstaller:1.2.0] AndroidManifest.xml:44:13-46:29
58                <action android:name="androidx.profileinstaller.action.SKIP_FILE" />
58-->[androidx.profileinstaller:profileinstaller:1.2.0] AndroidManifest.xml:45:17-85
58-->[androidx.profileinstaller:profileinstaller:1.2.0] AndroidManifest.xml:45:25-82
59            </intent-filter>
60        </receiver>
61    </application>
62
63</manifest>